Running 'gradlew :app:assembleRelease' in /home/expo/workingdir/build/android
Welcome to Gradle 8.10.2!
Here are the highlights of this release:
- Support for Java 23
 - Faster configuration cache
 - Better configuration cache reports
For more details see https://docs.gradle.org/8.10.2/release-notes.html
To honour the JVM settings for this build a single-use Daemon process will be forked. For more on this, please refer to https://docs.gradle.org/8.10.2/userguide/gradle_daemon.html#sec:disabling_the_daemon in the Gradle documentation.
Daemon will be stopped at the end of the build
> Task :gradle-plugin:settings-plugin:checkKotlinGradlePluginConfigurationErrors
> Task :gradle-plugin:shared:checkKotlinGradlePluginConfigurationErrors
> Task :gradle-plugin:settings-plugin:pluginDescriptors
> Task :gradle-plugin:settings-plugin:processResources
> Task :gradle-plugin:shared:processResources NO-SOURCE
> Task :gradle-plugin:shared:compileKotlin
> Task :gradle-plugin:shared:compileJava NO-SOURCE
> Task :gradle-plugin:shared:classes UP-TO-DATE
> Task :gradle-plugin:shared:jar
> Task :gradle-plugin:settings-plugin:compileKotlin
> Task :gradle-plugin:settings-plugin:compileJava NO-SOURCE
> Task :gradle-plugin:settings-plugin:classes
> Task :gradle-plugin:settings-plugin:jar
> Configure project :expo-updates-gradle-plugin
w: file:///home/expo/workingdir/build/node_modules/expo-updates/expo-updates-gradle-plugin/build.gradle.kts:25:3: 'kotlinOptions(KotlinJvmOptionsDeprecated /* = KotlinJvmOptions */.() -> Unit): Unit' is deprecated. Please migrate to the compilerOptions DSL. More details are here: https://kotl.in/u1r8ln
> Task :expo-updates-gradle-plugin:checkKotlinGradlePluginConfigurationErrors SKIPPED
> Task :gradle-plugin:react-native-gradle-plugin:checkKotlinGradlePluginConfigurationErrors
> Task :expo-updates-gradle-plugin:pluginDescriptors
> Task :expo-updates-gradle-plugin:processResources
> Task :gradle-plugin:react-native-gradle-plugin:pluginDescriptors
> Task :gradle-plugin:react-native-gradle-plugin:processResources
> Task :gradle-plugin:react-native-gradle-plugin:compileKotlin
> Task :gradle-plugin:react-native-gradle-plugin:compileJava NO-SOURCE
> Task :gradle-plugin:react-native-gradle-plugin:classes
> Task :gradle-plugin:react-native-gradle-plugin:jar
> Task :expo-updates-gradle-plugin:compileKotlin
> Task :expo-updates-gradle-plugin:compileJava NO-SOURCE
> Task :expo-updates-gradle-plugin:classes
> Task :expo-updates-gradle-plugin:jar
> Configure project :app
â„¹ï¸  [33mApplying gradle plugin[0m '[32mexpo-updates-gradle-plugin[0m' (expo-updates@29.0.12)
FAILURE: Build completed with 2 failures.
1: Task failed with an exception.
-----------
* Where:
Build file '/home/expo/workingdir/build/node_modules/expo-eas-client/android/build.gradle' line: 3
* What went wrong:
Plugin [id: 'expo-module-gradle-plugin'] was not found in any of the following sources:
- Gradle Core Plugins (not a core plugin. For more available plugins, please refer to https://docs.gradle.org/8.10.2/userguide/plugin_reference.html in the Gradle documentation.)
- Included Builds (None of the included builds contain this plugin)
- Plugin Repositories (plugin dependency must include a version number for this source)
* Try:
>
Run with --stacktrace option to get the stack trace.
> Run with --info or --debug option to get more log output.
> Run with --scan to get full insights.
> Get more help at https://help.gradle.org.
==============================================================================
2: Task failed with an exception.
-----------
* Where:
Script '/home/expo/workingdir/build/node_modules/expo-modules-core/android/ExpoModulesCorePlugin.gradle' line: 95
* What went wrong:
A problem occurred configuring project ':expo'.
> Could not get unknown property 'release' for SoftwareComponent container of type org.gradle.api.internal.component.DefaultSoftwareComponentContainer.
* Try:
> Run with --stacktrace option to get the stack trace.
> Run with --info or --debug option to get more log output.
> Run with --scan to get full insights.
> Get more help at https://help.gradle.org.
==============================================================================
BUILD FAILED in 1m 22s
17 actionable tasks: 17 executed
Error: Gradle build failed with unknown error. See logs for the "Run gradlew" phase for more information.